<?xml version="1.0" encoding="UTF-8"?>
<coverage generated="1579713098731" clover="3.2.0">
  <project timestamp="1579713098731" name="All files">
    <metrics statements="16" coveredstatements="13" conditionals="5" coveredconditionals="4" methods="4" coveredmethods="3" elements="25" coveredelements="20" complexity="0" loc="16" ncloc="16" packages="1" files="2" classes="2"/>
    <file name="ApolloProvider.jsx" path="/Users/mariogil/Developer/testing-libraries-comparison/src/ApolloProvider.jsx">
      <metrics statements="11" coveredstatements="8" conditionals="3" coveredconditionals="2" methods="3" coveredmethods="2"/>
      <line num="13" count="2" type="stmt"/>
      <line num="20" count="2" type="stmt"/>
      <line num="25" count="2" type="stmt"/>
      <line num="33" count="2" type="stmt"/>
      <line num="36" count="2" type="stmt"/>
      <line num="41" count="2" type="stmt"/>
      <line num="49" count="0" type="stmt"/>
      <line num="54" count="0" type="stmt"/>
      <line num="58" count="2" type="cond" truecount="1" falsecount="1"/>
      <line num="59" count="0" type="stmt"/>
      <line num="61" count="2" type="stmt"/>
    </file>
    <file name="Component.jsx" path="/Users/mariogil/Developer/testing-libraries-comparison/src/Component.jsx">
      <metrics statements="5" coveredstatements="5" conditionals="2" coveredconditionals="2" methods="1" coveredmethods="1"/>
      <line num="5" count="2" type="stmt"/>
      <line num="17" count="2" type="stmt"/>
      <line num="18" count="5" type="stmt"/>
      <line num="20" count="2" type="cond" truecount="2" falsecount="0"/>
      <line num="21" count="1" type="stmt"/>
    </file>
  </project>
</coverage>
