{"/Users/mariogil/Developer/testing-libraries-comparison/src/ApolloProvider.jsx": {"path":"/Users/mariogil/Developer/testing-libraries-comparison/src/ApolloProvider.jsx","statementMap":{"0":{"start":{"line":13,"column":13},"end":{"line":16,"column":2}},"1":{"start":{"line":20,"column":20},"end":{"line":22,"column":3}},"2":{"start":{"line":25,"column":17},"end":{"line":30,"column":4}},"3":{"start":{"line":33,"column":2},"end":{"line":33,"column":61}},"4":{"start":{"line":36,"column":17},"end":{"line":39,"column":4}},"5":{"start":{"line":41,"column":2},"end":{"line":45,"column":4}},"6":{"start":{"line":49,"column":17},"end":{"line":52,"column":4}},"7":{"start":{"line":54,"column":2},"end":{"line":54,"column":69}},"8":{"start":{"line":58,"column":2},"end":{"line":60,"column":3}},"9":{"start":{"line":59,"column":4},"end":{"line":59,"column":30}},"10":{"start":{"line":61,"column":2},"end":{"line":61,"column":28}}},"fnMap":{"0":{"name":"AutoMockedProvider","decl":{"start":{"line":18,"column":9},"end":{"line":18,"column":27}},"loc":{"start":{"line":18,"column":62},"end":{"line":46,"column":1}},"line":18},"1":{"name":"ProductionProvider","decl":{"start":{"line":48,"column":9},"end":{"line":48,"column":27}},"loc":{"start":{"line":48,"column":42},"end":{"line":55,"column":1}},"line":48},"2":{"name":"selectProvider","decl":{"start":{"line":57,"column":9},"end":{"line":57,"column":23}},"loc":{"start":{"line":57,"column":29},"end":{"line":62,"column":1}},"line":57}},"branchMap":{"0":{"loc":{"start":{"line":18,"column":40},"end":{"line":18,"column":58}},"type":"default-arg","locations":[{"start":{"line":18,"column":56},"end":{"line":18,"column":58}}],"line":18},"1":{"loc":{"start":{"line":58,"column":2},"end":{"line":60,"column":3}},"type":"if","locations":[{"start":{"line":58,"column":2},"end":{"line":60,"column":3}},{"start":{"line":58,"column":2},"end":{"line":60,"column":3}}],"line":58}},"s":{"0":2,"1":2,"2":2,"3":2,"4":2,"5":2,"6":0,"7":0,"8":2,"9":0,"10":2},"f":{"0":2,"1":0,"2":2},"b":{"0":[2],"1":[0,2]},"_coverageSchema":"43e27e138ebf9cfc5966b082cf9a028302ed4184","hash":"6d94c5d0eebf2c6e861df4d02a936d8660e207bd"}
,"/Users/mariogil/Developer/testing-libraries-comparison/src/Component.jsx": {"path":"/Users/mariogil/Developer/testing-libraries-comparison/src/Component.jsx","statementMap":{"0":{"start":{"line":5,"column":32},"end":{"line":15,"column":1}},"1":{"start":{"line":17,"column":18},"end":{"line":22,"column":1}},"2":{"start":{"line":18,"column":35},"end":{"line":18,"column":61}},"3":{"start":{"line":20,"column":2},"end":{"line":20,"column":41}},"4":{"start":{"line":20,"column":15},"end":{"line":20,"column":41}},"5":{"start":{"line":21,"column":2},"end":{"line":21,"column":43}}},"fnMap":{"0":{"name":"(anonymous_0)","decl":{"start":{"line":17,"column":18},"end":{"line":17,"column":19}},"loc":{"start":{"line":17,"column":24},"end":{"line":22,"column":1}},"line":17}},"branchMap":{"0":{"loc":{"start":{"line":20,"column":2},"end":{"line":20,"column":41}},"type":"if","locations":[{"start":{"line":20,"column":2},"end":{"line":20,"column":41}},{"start":{"line":20,"column":2},"end":{"line":20,"column":41}}],"line":20}},"s":{"0":2,"1":2,"2":5,"3":2,"4":1,"5":1},"f":{"0":5},"b":{"0":[1,1]},"_coverageSchema":"43e27e138ebf9cfc5966b082cf9a028302ed4184","hash":"b67d02867b9d58b2cde63c66409bcbd1c194871e"}
}
