TN:
SF:/Users/mariogil/Developer/testing-libraries-comparison/src/ApolloProvider.jsx
FN:18,AutoMockedProvider
FN:48,ProductionProvider
FN:57,selectProvider
FNF:3
FNH:2
FNDA:2,AutoMockedProvider
FNDA:0,ProductionProvider
FNDA:2,selectProvider
DA:13,2
DA:20,2
DA:25,2
DA:33,2
DA:36,2
DA:41,2
DA:49,0
DA:54,0
DA:58,2
DA:59,0
DA:61,2
LF:11
LH:8
BRDA:18,0,0,2
BRDA:58,1,0,0
BRDA:58,1,1,2
BRF:3
BRH:2
end_of_record
TN:
SF:/Users/mariogil/Developer/testing-libraries-comparison/src/Component.jsx
FN:17,(anonymous_0)
FNF:1
FNH:1
FNDA:5,(anonymous_0)
DA:5,2
DA:17,2
DA:18,5
DA:20,2
DA:21,1
LF:5
LH:5
BRDA:20,0,0,1
BRDA:20,0,1,1
BRF:2
BRH:2
end_of_record
